{
  "stats": {
    "suites": 20,
    "tests": 51,
    "passes": 51,
    "pending": 0,
    "failures": 0,
    "start": "2022-03-22T15:37:25.368Z",
    "end": "2022-03-22T15:41:35.576Z",
    "duration": 161403,
    "testsRegistered": 51,
    "passPercent": 100,
    "pendingPercent": 0,
    "other": 0,
    "hasOther": false,
    "skipped": 0,
    "hasSkipped": false
  },
  "results": [
    {
      "uuid": "04f69c79-3131-409a-b6df-b6f4d1325378",
      "title": "",
      "fullFile": "cypress/integration/automation-test-store/add-multiple-items-to-basket.js",
      "file": "cypress/integration/automation-test-store/add-multiple-items-to-basket.js",
      "beforeHooks": [],
      "afterHooks": [],
      "tests": [],
      "suites": [
        {
          "uuid": "690dba50-8772-46f9-81b3-3dc891ae0705",
          "title": "Add multiple items to basket",
          "fullFile": "",
          "file": "",
          "beforeHooks": [],
          "afterHooks": [],
          "tests": [
            {
              "title": "Add specific items to basket",
              "fullTitle": "Add multiple items to basket Add specific items to basket",
              "timedOut": null,
              "duration": 16539,
              "state": "passed",
              "speed": "slow",
              "pass": true,
              "fail": false,
              "pending": false,
              "context": null,
              "code": "autoStore_HairCare_PO.addHairCareProductsToBasket();",
              "err": {},
              "uuid": "4a4e045b-0b14-426f-a688-5dda20dacfaf",
              "parentUUID": "690dba50-8772-46f9-81b3-3dc891ae0705",
              "isHook": false,
              "skipped": false
            }
          ],
          "suites": [],
          "passes": [
            "4a4e045b-0b14-426f-a688-5dda20dacfaf"
          ],
          "failures": [],
          "pending": [],
          "skipped": [],
          "duration": 16539,
          "root": false,
          "rootEmpty": false,
          "_timeout": 2000
        }
      ],
      "passes": [],
      "failures": [],
      "pending": [],
      "skipped": [],
      "duration": 0,
      "root": true,
      "rootEmpty": true,
      "_timeout": 2000
    },
    {
      "uuid": "6cfc9886-03cd-4fef-af48-4adf895b8980",
      "title": "",
      "fullFile": "cypress/integration/automation-test-store/alias-invole.js",
      "file": "cypress/integration/automation-test-store/alias-invole.js",
      "beforeHooks": [],
      "afterHooks": [],
      "tests": [],
      "suites": [
        {
          "uuid": "5b44cbf7-b297-4ca3-ab77-05582f976113",
          "title": "Alias and invoke",
          "fullFile": "",
          "file": "",
          "beforeHooks": [],
          "afterHooks": [],
          "tests": [
            {
              "title": "Calculate total of normal and sale products",
              "fullTitle": "Alias and invoke Calculate total of normal and sale products",
              "timedOut": null,
              "duration": 9352,
              "state": "passed",
              "speed": "medium",
              "pass": true,
              "fail": false,
              "pending": false,
              "context": null,
              "code": "cy.visit(\"https://automationteststore.com/\");\ncy.get('.thumbnail').as('productThumbnail'); // cy.get('@productThumbnail').find('.oneprice').each(($el, index, $list) => {\n//     cy.log($el.text());\n// });\ncy.get('.thumbnail').find('.oneprice').invoke('text').as('itemPrice');\ncy.get('.thumbnail').find('.pricenew').invoke('text').as('saleItemPrice');\nvar itemsTotal = 0;\ncy.get('@itemPrice').then($linkText => {\n  var itemsPriceTotal = 0;\n  var itemPrice = $linkText.split('$');\n  var i;\n  for (i = 0; i < itemPrice.length; i++) {\n    cy.log(itemPrice[i]);\n    itemsPriceTotal += Number(itemPrice[i]);\n  }\n  itemsTotal += itemsPriceTotal;\n  cy.log(\"Non sale price items total: \" + itemsPriceTotal);\n});\ncy.get('@saleItemPrice').then($linkText => {\n  var saleItemsPrice = 0;\n  var saleItemPrice = $linkText.split('$');\n  var i;\n  for (i = 0; i < saleItemPrice.length; i++) {\n    cy.log(saleItemPrice[i]);\n    saleItemsPrice += Number(saleItemPrice[i]);\n  }\n  itemsTotal += saleItemsPrice;\n  cy.log(\"Sale price items total: \" + saleItemsPrice);\n}).then(() => {\n  cy.log(\"The Total price of all products: \" + itemsTotal);\n  expect(itemsTotal).to.equal(648.5);\n});",
              "err": {},
              "uuid": "b49af574-91f1-4754-82c1-c33cee32a4ed",
              "parentUUID": "5b44cbf7-b297-4ca3-ab77-05582f976113",
              "isHook": false,
              "skipped": false
            }
          ],
          "suites": [],
          "passes": [
            "b49af574-91f1-4754-82c1-c33cee32a4ed"
          ],
          "failures": [],
          "pending": [],
          "skipped": [],
          "duration": 9352,
          "root": false,
          "rootEmpty": false,
          "_timeout": 2000
        }
      ],
      "passes": [],
      "failures": [],
      "pending": [],
      "skipped": [],
      "duration": 0,
      "root": true,
      "rootEmpty": true,
      "_timeout": 2000
    },
    {
      "uuid": "a65157a5-18cd-4ecf-9986-9b5de4161484",
      "title": "",
      "fullFile": "cypress/integration/automation-test-store/contact-us-data.js",
      "file": "cypress/integration/automation-test-store/contact-us-data.js",
      "beforeHooks": [],
      "afterHooks": [],
      "tests": [],
      "suites": [
        {
          "uuid": "2055bdfc-03f2-45e4-b1de-90ad404769be",
          "title": "Test Contact Us form via Automation Test Store",
          "fullFile": "",
          "file": "",
          "beforeHooks": [],
          "afterHooks": [],
          "tests": [
            {
              "title": "Should be able to submit a successful submission via contact us form",
              "fullTitle": "Test Contact Us form via Automation Test Store Should be able to submit a successful submission via contact us form",
              "timedOut": null,
              "duration": 11513,
              "state": "passed",
              "speed": "slow",
              "pass": true,
              "fail": false,
              "pending": false,
              "context": null,
              "code": "cy.visit(\"https://www.automationteststore.com/\");\ncy.get(\"a[href$='contact']\").click().then(function (linkText) {\n  cy.log(\"Clicked on link using text: \" + linkText.text());\n}); //cy.xpath(\"//a[contains(@href, 'contact')]\").click();\ncy.get(\"@user\").then(user => {\n  cy.get('#ContactUsFrm_first_name').type(user.first_name);\n  cy.get('#ContactUsFrm_email').type(user.email);\n});\ncy.get('#ContactUsFrm_email').should('have.attr', 'name', 'email');\ncy.get('#ContactUsFrm_enquiry').type(\"Do you provide additional discount on bulk orders?\");\ncy.get(\"button[title='Submit']\").click();\ncy.get('.mb40 > :nth-child(3)').should('have.text', 'Your enquiry has been successfully sent to the store owner!');\ncy.log(\"Test has completed!\");",
              "err": {},
              "uuid": "841d1eb1-5936-41fb-9e4a-a2b1730ac202",
              "parentUUID": "2055bdfc-03f2-45e4-b1de-90ad404769be",
              "isHook": false,
              "skipped": false
            }
          ],
          "suites": [],
          "passes": [
            "841d1eb1-5936-41fb-9e4a-a2b1730ac202"
          ],
          "failures": [],
          "pending": [],
          "skipped": [],
          "duration": 11513,
          "root": false,
          "rootEmpty": false,
          "_timeout": 2000
        }
      ],
      "passes": [],
      "failures": [],
      "pending": [],
      "skipped": [],
      "duration": 0,
      "root": true,
      "rootEmpty": true,
      "_timeout": 2000
    },
    {
      "uuid": "9497691b-4195-4bf5-aecb-234c2d5db4c4",
      "title": "",
      "fullFile": "cypress/integration/automation-test-store/contact-us.js",
      "file": "cypress/integration/automation-test-store/contact-us.js",
      "beforeHooks": [],
      "afterHooks": [],
      "tests": [],
      "suites": [
        {
          "uuid": "5bde3834-078b-4c09-a444-e9fc154ef6d7",
          "title": "Test Contact Us form via WebdriverUni",
          "fullFile": "",
          "file": "",
          "beforeHooks": [],
          "afterHooks": [],
          "tests": [
            {
              "title": "Should be able to submit a successful submission via contact us form",
              "fullTitle": "Test Contact Us form via WebdriverUni Should be able to submit a successful submission via contact us form",
              "timedOut": null,
              "duration": 10179,
              "state": "passed",
              "speed": "slow",
              "pass": true,
              "fail": false,
              "pending": false,
              "context": null,
              "code": "//cy.visit(\"http://www.webdriveruniversity.com/Contact-Us/contactus.html\");\ncy.visit(\"http://www.webdriveruniversity.com\");\ncy.get('#contact-us').invoke('removeAttr', 'target').click({\n  force: true\n});\ncy.document().should('have.property', 'charset').and('eq', 'UTF-8');\ncy.title().should('include', 'WebDriver | Contact Us');\ncy.url().should('include', 'contactus'); //cy.get('#contact-us').click({force: true})\ncy.get('[name=\"first_name\"]').type(data.first_name);\ncy.get('[name=\"last_name\"]').type(data.last_name);\ncy.get('[name=\"email\"]').type(data.email);\ncy.get('textarea.feedback-input').type(\"How can I learn Cypress?\");\ncy.get('[type=\"submit\"]').click();\ncy.get('h1').should('have.text', 'Thank You for your Message!');",
              "err": {},
              "uuid": "2c54264f-b641-46ef-a37e-20c2edafb156",
              "parentUUID": "5bde3834-078b-4c09-a444-e9fc154ef6d7",
              "isHook": false,
              "skipped": false
            },
            {
              "title": "Should not be able to submit a successful submission via contact us form as all fields are required",
              "fullTitle": "Test Contact Us form via WebdriverUni Should not be able to submit a successful submission via contact us form as all fields are required",
              "timedOut": null,
              "duration": 1800,
              "state": "passed",
              "speed": "fast",
              "pass": true,
              "fail": false,
              "pending": false,
              "context": null,
              "code": "//cy.visit(\"http://www.webdriveruniversity.com/Contact-Us/contactus.html\");\ncy.visit(\"http://www.webdriveruniversity.com\");\ncy.get('#contact-us').invoke('removeAttr', 'target').click({\n  force: true\n});\ncy.get('[name=\"first_name\"]').type(data.first_name);\ncy.get('[name=\"last_name\"]').type(data.last_name);\ncy.get('textarea.feedback-input').type(\"How can I learn Cypress?\");\ncy.get('[type=\"submit\"]').click();\ncy.get('body').contains('Error: all fields are required');",
              "err": {},
              "uuid": "56d0e10b-58ff-41b1-a7f5-9f9960b33a31",
              "parentUUID": "5bde3834-078b-4c09-a444-e9fc154ef6d7",
              "isHook": false,
              "skipped": false
            }
          ],
          "suites": [],
          "passes": [
            "2c54264f-b641-46ef-a37e-20c2edafb156",
            "56d0e10b-58ff-41b1-a7f5-9f9960b33a31"
          ],
          "failures": [],
          "pending": [],
          "skipped": [],
          "duration": 11979,
          "root": false,
          "rootEmpty": false,
          "_timeout": 2000
        }
      ],
      "passes": [],
      "failures": [],
      "pending": [],
      "skipped": [],
      "duration": 0,
      "root": true,
      "rootEmpty": true,
      "_timeout": 2000
    },
    {
      "uuid": "b4d927cc-09ca-41db-a88c-b9a0293add7e",
      "title": "",
      "fullFile": "cypress/integration/automation-test-store/inspect-item.js",
      "file": "cypress/integration/automation-test-store/inspect-item.js",
      "beforeHooks": [],
      "afterHooks": [],
      "tests": [],
      "suites": [
        {
          "uuid": "7ef0f996-6b49-4064-a500-9531b9d7f2d3",
          "title": "Inspect Automation Test Store items using chain of commands",
          "fullFile": "",
          "file": "",
          "beforeHooks": [],
          "afterHooks": [],
          "tests": [
            {
              "title": "Click on the firt item using item text",
              "fullTitle": "Inspect Automation Test Store items using chain of commands Click on the firt item using item text",
              "timedOut": null,
              "duration": 9489,
              "state": "passed",
              "speed": "medium",
              "pass": true,
              "fail": false,
              "pending": false,
              "context": null,
              "code": "cy.visit(\"https://www.automationteststore.com/\");\ncy.get('.prdocutname').contains('Skinsheen Bronzer Stick').click().then(function (itemHeaderText) {\n  console.log(\"Selected the following item: \" + itemHeaderText.text());\n});",
              "err": {},
              "uuid": "d423c079-25c3-491a-8a6e-bba172c67e4a",
              "parentUUID": "7ef0f996-6b49-4064-a500-9531b9d7f2d3",
              "isHook": false,
              "skipped": false
            }
          ],
          "suites": [],
          "passes": [
            "d423c079-25c3-491a-8a6e-bba172c67e4a"
          ],
          "failures": [],
          "pending": [],
          "skipped": [],
          "duration": 9489,
          "root": false,
          "rootEmpty": false,
          "_timeout": 2000
        }
      ],
      "passes": [],
      "failures": [],
      "pending": [],
      "skipped": [],
      "duration": 0,
      "root": true,
      "rootEmpty": true,
      "_timeout": 2000
    },
    {
      "uuid": "b98d5e91-359d-411a-92cb-f2694626d814",
      "title": "",
      "fullFile": "cypress/integration/automation-test-store/iterate-over-elements.js",
      "file": "cypress/integration/automation-test-store/iterate-over-elements.js",
      "beforeHooks": [],
      "afterHooks": [],
      "tests": [],
      "suites": [
        {
          "uuid": "61fc9f94-8439-4b11-a060-927515fb051d",
          "title": "Iterate over elements",
          "fullFile": "",
          "file": "",
          "beforeHooks": [],
          "afterHooks": [],
          "tests": [
            {
              "title": "Log information of all hair care products",
              "fullTitle": "Iterate over elements Log information of all hair care products",
              "timedOut": null,
              "duration": 6532,
              "state": "passed",
              "speed": "medium",
              "pass": true,
              "fail": false,
              "pending": false,
              "context": null,
              "code": "cy.get(\".fixed_wrapper .prdocutname\").each(($el, index, $list) => {\n  cy.log(\"Index: \" + index + \" : \" + $el.text());\n});",
              "err": {},
              "uuid": "dca2eb3c-8f36-4ca2-9b04-d399d7a9bb1c",
              "parentUUID": "61fc9f94-8439-4b11-a060-927515fb051d",
              "isHook": false,
              "skipped": false
            },
            {
              "title": "Add specific product to basket",
              "fullTitle": "Iterate over elements Add specific product to basket",
              "timedOut": null,
              "duration": 2381,
              "state": "passed",
              "speed": "fast",
              "pass": true,
              "fail": false,
              "pending": false,
              "context": null,
              "code": "cy.selectProduct('Curls to straight Shampoo');",
              "err": {},
              "uuid": "98aafe62-ca49-416f-97f0-91d1b52a93ad",
              "parentUUID": "61fc9f94-8439-4b11-a060-927515fb051d",
              "isHook": false,
              "skipped": false
            },
            {
              "title": "Add another specific product to basket",
              "fullTitle": "Iterate over elements Add another specific product to basket",
              "timedOut": null,
              "duration": 4303,
              "state": "passed",
              "speed": "fast",
              "pass": true,
              "fail": false,
              "pending": false,
              "context": null,
              "code": "cy.selectProduct('Seaweed Conditioner');",
              "err": {},
              "uuid": "8825a186-48e9-4efc-aa62-d12a88f67d68",
              "parentUUID": "61fc9f94-8439-4b11-a060-927515fb051d",
              "isHook": false,
              "skipped": false
            },
            {
              "title": "Add another specific product to basket 2",
              "fullTitle": "Iterate over elements Add another specific product to basket 2",
              "timedOut": null,
              "duration": 2709,
              "state": "passed",
              "speed": "fast",
              "pass": true,
              "fail": false,
              "pending": false,
              "context": null,
              "code": "cy.selectProduct('Eau Parfumee au The Vert Shampoo');",
              "err": {},
              "uuid": "1265e5a0-6ba2-420b-877e-50dae14b93cf",
              "parentUUID": "61fc9f94-8439-4b11-a060-927515fb051d",
              "isHook": false,
              "skipped": false
            }
          ],
          "suites": [],
          "passes": [
            "dca2eb3c-8f36-4ca2-9b04-d399d7a9bb1c",
            "98aafe62-ca49-416f-97f0-91d1b52a93ad",
            "8825a186-48e9-4efc-aa62-d12a88f67d68",
            "1265e5a0-6ba2-420b-877e-50dae14b93cf"
          ],
          "failures": [],
          "pending": [],
          "skipped": [],
          "duration": 15925,
          "root": false,
          "rootEmpty": false,
          "_timeout": 2000
        }
      ],
      "passes": [],
      "failures": [],
      "pending": [],
      "skipped": [],
      "duration": 0,
      "root": true,
      "rootEmpty": true,
      "_timeout": 2000
    },
    {
      "uuid": "d38eeb1e-0068-452f-9803-b2ce3009c060",
      "title": "",
      "fullFile": "cypress/integration/automation-test-store/variable-and-cy-commands.js",
      "file": "cypress/integration/automation-test-store/variable-and-cy-commands.js",
      "beforeHooks": [],
      "afterHooks": [],
      "tests": [],
      "suites": [
        {
          "uuid": "3214fe45-008a-42ce-b246-2ef8a198ca90",
          "title": "Verifying variables, cypress commands and jquery commands",
          "fullFile": "",
          "file": "",
          "beforeHooks": [],
          "afterHooks": [],
          "tests": [
            {
              "title": "Validate properties of the Contact Us Page",
              "fullTitle": "Verifying variables, cypress commands and jquery commands Validate properties of the Contact Us Page",
              "timedOut": null,
              "duration": 4104,
              "state": "passed",
              "speed": "fast",
              "pass": true,
              "fail": false,
              "pending": false,
              "context": null,
              "code": "cy.visit(\"https://automationteststore.com/index.php?rt=content/contact\"); //Uses cypress commands and chaining\ncy.contains('#ContactUsFrm', 'Contact Us Form').find('#field_11').should('contain', 'First name'); //JQuery Approach\n// cy.contains('#ContactUsFrm', 'Contact Us Form').then(text => {\n//     const firstNameText = text.find('#field_11').text()\n//     expect(firstNameText).to.contain('First name')\n//     //Embedded commands (Closure)\n//     cy.get('#field_11').then(fnText => {\n//         cy.log(fnText.text())\n//         cy.log(fnText)\n//     })\n// })\ncy.contains('#ContactUsFrm', 'Contact Us Form').then($text => {\n  const firstNameText = $text.find('#field_11').text();\n  expect(firstNameText).to.contain('First name'); //Embedded commands (Closure)\n  cy.get('#field_11').then($fntext => {\n    cy.log($fntext.text());\n    cy.log($fntext);\n  });\n});",
              "err": {},
              "uuid": "c155ffba-1d15-4325-b0ac-ca4a368f6d40",
              "parentUUID": "3214fe45-008a-42ce-b246-2ef8a198ca90",
              "isHook": false,
              "skipped": false
            }
          ],
          "suites": [],
          "passes": [
            "c155ffba-1d15-4325-b0ac-ca4a368f6d40"
          ],
          "failures": [],
          "pending": [],
          "skipped": [],
          "duration": 4104,
          "root": false,
          "rootEmpty": false,
          "_timeout": 2000
        }
      ],
      "passes": [],
      "failures": [],
      "pending": [],
      "skipped": [],
      "duration": 0,
      "root": true,
      "rootEmpty": true,
      "_timeout": 2000
    },
    {
      "uuid": "c4e8c238-66a6-4a8c-a77f-64085a90038b",
      "title": "",
      "fullFile": "cypress/integration/webdriver-uni/autocomplete-dropdown-list.js",
      "file": "cypress/integration/webdriver-uni/autocomplete-dropdown-list.js",
      "beforeHooks": [],
      "afterHooks": [],
      "tests": [],
      "suites": [
        {
          "uuid": "c62cebd8-c87b-419a-90de-d372fb636a96",
          "title": "Verify Autocomplete dropwdown lists via webdriveruni",
          "fullFile": "",
          "file": "",
          "beforeHooks": [],
          "afterHooks": [],
          "tests": [
            {
              "title": "Select specific product via autocomplete list",
              "fullTitle": "Verify Autocomplete dropwdown lists via webdriveruni Select specific product via autocomplete list",
              "timedOut": null,
              "duration": 4459,
              "state": "passed",
              "speed": "fast",
              "pass": true,
              "fail": false,
              "pending": false,
              "context": null,
              "code": "cy.visit(\"http://www.webdriveruniversity.com\");\ncy.get('#autocomplete-textfield').invoke('removeAttr', 'target').click({\n  force: true\n});\ncy.get('#myInput').type('A');\ncy.get('#myInputautocomplete-list > *').each(($el, index, $list) => {\n  const prod = $el.text();\n  const productToSelect = 'Avacado';\n  if (prod === productToSelect) {\n    //$el.click();\n    $el.trigger(\"click\");\n    cy.get('#submit-button').click();\n    cy.url().should('include', productToSelect);\n  }\n}).then(() => {\n  cy.get('#myInput').type('g');\n  cy.get('#myInputautocomplete-list > *').each(($el, index, $list) => {\n    const prod = $el.text();\n    const productToSelect = 'Grapes';\n    if (prod === productToSelect) {\n      //$el.click();\n      $el.trigger(\"click\");\n      cy.get('#submit-button').click();\n      cy.url().should('include', productToSelect);\n    }\n  });\n});",
              "err": {},
              "uuid": "6f784249-eaa6-483a-97bf-1ebd4acaf84b",
              "parentUUID": "c62cebd8-c87b-419a-90de-d372fb636a96",
              "isHook": false,
              "skipped": false
            }
          ],
          "suites": [],
          "passes": [
            "6f784249-eaa6-483a-97bf-1ebd4acaf84b"
          ],
          "failures": [],
          "pending": [],
          "skipped": [],
          "duration": 4459,
          "root": false,
          "rootEmpty": false,
          "_timeout": 2000
        }
      ],
      "passes": [],
      "failures": [],
      "pending": [],
      "skipped": [],
      "duration": 0,
      "root": true,
      "rootEmpty": true,
      "_timeout": 2000
    },
    {
      "uuid": "bdf8f9fe-66e5-43b8-b581-982991f296bd",
      "title": "",
      "fullFile": "cypress/integration/webdriver-uni/browser-navigation.js",
      "file": "cypress/integration/webdriver-uni/browser-navigation.js",
      "beforeHooks": [],
      "afterHooks": [],
      "tests": [],
      "suites": [
        {
          "uuid": "deb044a1-5f85-4098-a444-0412f00cc51e",
          "title": "Validate webdriveruni homepage links",
          "fullFile": "",
          "file": "",
          "beforeHooks": [],
          "afterHooks": [],
          "tests": [
            {
              "title": "Confirm links redirect to the correct pages",
              "fullTitle": "Validate webdriveruni homepage links Confirm links redirect to the correct pages",
              "timedOut": null,
              "duration": 5878,
              "state": "passed",
              "speed": "medium",
              "pass": true,
              "fail": false,
              "pending": false,
              "context": null,
              "code": "//cy.visit(\"http://www.webdriveruniversity.com/Contact-Us/contactus.html\");\ncy.visit(\"http://www.webdriveruniversity.com\");\ncy.get('#contact-us').invoke('removeAttr', 'target').click({\n  force: true\n});\ncy.url().should('include', 'contactus');\ncy.go('back');\ncy.reload();\ncy.url().should('include', 'http://www.webdriveruniversity.com/'); //cy.reload(true) //reload without using cache\ncy.go('forward');\ncy.url().should('include', 'contactus');\ncy.go('back');\ncy.get('#login-portal').invoke('removeAttr', 'target').click({\n  force: true\n});\ncy.url().should('include', 'Login-Portal');\ncy.go('back');\ncy.get('#to-do-list').invoke('removeAttr', 'target').click({\n  force: true\n});\ncy.url().should('include', 'To-Do-List');\ncy.go('back');",
              "err": {},
              "uuid": "a701c2c8-80de-4b80-af02-68ac283dc7d0",
              "parentUUID": "deb044a1-5f85-4098-a444-0412f00cc51e",
              "isHook": false,
              "skipped": false
            }
          ],
          "suites": [],
          "passes": [
            "a701c2c8-80de-4b80-af02-68ac283dc7d0"
          ],
          "failures": [],
          "pending": [],
          "skipped": [],
          "duration": 5878,
          "root": false,
          "rootEmpty": false,
          "_timeout": 2000
        }
      ],
      "passes": [],
      "failures": [],
      "pending": [],
      "skipped": [],
      "duration": 0,
      "root": true,
      "rootEmpty": true,
      "_timeout": 2000
    },
    {
      "uuid": "e8041590-3906-4e4c-8f55-4787bf079fc4",
      "title": "",
      "fullFile": "cypress/integration/webdriver-uni/checkboxes.js",
      "file": "cypress/integration/webdriver-uni/checkboxes.js",
      "beforeHooks": [],
      "afterHooks": [],
      "tests": [],
      "suites": [
        {
          "uuid": "a3c9fccb-024e-4864-bd95-7f353fbde36f",
          "title": "Verify checkboxes via webdriveruni",
          "fullFile": "",
          "file": "",
          "beforeHooks": [],
          "afterHooks": [],
          "tests": [
            {
              "title": "Check and validate checkbox",
              "fullTitle": "Verify checkboxes via webdriveruni Check and validate checkbox",
              "timedOut": null,
              "duration": 6222,
              "state": "passed",
              "speed": "medium",
              "pass": true,
              "fail": false,
              "pending": false,
              "context": null,
              "code": "//cy.get('#checkboxes > :nth-child(1) > input').check()\n//cy.get('#checkboxes > :nth-child(1) > input').check().should('be.checked')\ncy.get('#checkboxes > :nth-child(1) > input').as('option-1'); //cy.get('@option-1').check();\ncy.get('@option-1').check().should('be.checked');",
              "err": {},
              "uuid": "7cae4adc-79c1-4aff-8c0b-357f494c2028",
              "parentUUID": "a3c9fccb-024e-4864-bd95-7f353fbde36f",
              "isHook": false,
              "skipped": false
            },
            {
              "title": "Uncheck and validate checkbox",
              "fullTitle": "Verify checkboxes via webdriveruni Uncheck and validate checkbox",
              "timedOut": null,
              "duration": 672,
              "state": "passed",
              "speed": "fast",
              "pass": true,
              "fail": false,
              "pending": false,
              "context": null,
              "code": "cy.get(':nth-child(5) > input').as('option-3');\ncy.get('@option-3').uncheck().should('not.be.checked');",
              "err": {},
              "uuid": "02ec834e-4f70-45e9-835c-8766cfeb3a44",
              "parentUUID": "a3c9fccb-024e-4864-bd95-7f353fbde36f",
              "isHook": false,
              "skipped": false
            },
            {
              "title": "Check mutiple checkboxes",
              "fullTitle": "Verify checkboxes via webdriveruni Check mutiple checkboxes",
              "timedOut": null,
              "duration": 565,
              "state": "passed",
              "speed": "fast",
              "pass": true,
              "fail": false,
              "pending": false,
              "context": null,
              "code": "cy.get(\"input[type='checkbox']\").check([\"option-1\", \"option-2\", \"option-3\", \"option-4\"]).should('be.checked');",
              "err": {},
              "uuid": "feda2183-72d6-4691-bda8-914b2603314c",
              "parentUUID": "a3c9fccb-024e-4864-bd95-7f353fbde36f",
              "isHook": false,
              "skipped": false
            }
          ],
          "suites": [],
          "passes": [
            "7cae4adc-79c1-4aff-8c0b-357f494c2028",
            "02ec834e-4f70-45e9-835c-8766cfeb3a44",
            "feda2183-72d6-4691-bda8-914b2603314c"
          ],
          "failures": [],
          "pending": [],
          "skipped": [],
          "duration": 7459,
          "root": false,
          "rootEmpty": false,
          "_timeout": 2000
        }
      ],
      "passes": [],
      "failures": [],
      "pending": [],
      "skipped": [],
      "duration": 0,
      "root": true,
      "rootEmpty": true,
      "_timeout": 2000
    },
    {
      "uuid": "b634af37-8825-4052-bf70-f3fd261cc45f",
      "title": "",
      "fullFile": "cypress/integration/webdriver-uni/contact-us.js",
      "file": "cypress/integration/webdriver-uni/contact-us.js",
      "beforeHooks": [],
      "afterHooks": [],
      "tests": [],
      "suites": [
        {
          "uuid": "0841e8e5-b104-479a-ba2f-b4be29e0bf63",
          "title": "Test Contact Us form via WebdriverUni",
          "fullFile": "",
          "file": "",
          "beforeHooks": [],
          "afterHooks": [],
          "tests": [
            {
              "title": "Should be able to submit a successful submission via contact us form",
              "fullTitle": "Test Contact Us form via WebdriverUni Should be able to submit a successful submission via contact us form",
              "timedOut": null,
              "duration": 4858,
              "state": "passed",
              "speed": "fast",
              "pass": true,
              "fail": false,
              "pending": false,
              "context": null,
              "code": "cy.document().should(\"have.property\", \"charset\").and(\"eq\", \"UTF-8\");\ncy.title().should(\"include\", \"WebDriver | Contact Us\");\ncy.url().should(\"include\", \"contactus\"); // contact_Us_PO.contactForm_Submission(Cypress.env(\"first_name\"), data.last_name, data.email, \"How can I learn Cypress?\", \"h1\", \"Thank You for your Message!failed\");",
              "err": {},
              "uuid": "dcce2a41-d020-4fac-915a-73eb45037e1a",
              "parentUUID": "0841e8e5-b104-479a-ba2f-b4be29e0bf63",
              "isHook": false,
              "skipped": false
            },
            {
              "title": "Should not be able to submit a successful submission via contact us form as all fields are required",
              "fullTitle": "Test Contact Us form via WebdriverUni Should not be able to submit a successful submission via contact us form as all fields are required",
              "timedOut": null,
              "duration": 5627,
              "state": "passed",
              "speed": "medium",
              "pass": true,
              "fail": false,
              "pending": false,
              "context": null,
              "code": "contact_Us_PO.contactForm_Submission(data.first_name, data.last_name, \" \", \"How can I learn Cypress?\", \"body\", \"Error: Invalid email address\");",
              "err": {},
              "uuid": "96250402-1098-4a70-83d4-cb15e152f1d4",
              "parentUUID": "0841e8e5-b104-479a-ba2f-b4be29e0bf63",
              "isHook": false,
              "skipped": false
            }
          ],
          "suites": [],
          "passes": [
            "dcce2a41-d020-4fac-915a-73eb45037e1a",
            "96250402-1098-4a70-83d4-cb15e152f1d4"
          ],
          "failures": [],
          "pending": [],
          "skipped": [],
          "duration": 10485,
          "root": false,
          "rootEmpty": false,
          "_timeout": 2000
        }
      ],
      "passes": [],
      "failures": [],
      "pending": [],
      "skipped": [],
      "duration": 0,
      "root": true,
      "rootEmpty": true,
      "_timeout": 2000
    },
    {
      "uuid": "5cab9261-a07d-4dc3-9544-37692cc44582",
      "title": "",
      "fullFile": "cypress/integration/webdriver-uni/data-tables.js",
      "file": "cypress/integration/webdriver-uni/data-tables.js",
      "beforeHooks": [],
      "afterHooks": [],
      "tests": [],
      "suites": [
        {
          "uuid": "6b22c2d9-e1e7-4d53-9a9e-1f2006151c38",
          "title": "Handling data via webdriveruni",
          "fullFile": "",
          "file": "",
          "beforeHooks": [],
          "afterHooks": [],
          "tests": [
            {
              "title": "Calculate and assert the total age of all users",
              "fullTitle": "Handling data via webdriveruni Calculate and assert the total age of all users",
              "timedOut": null,
              "duration": 8181,
              "state": "passed",
              "speed": "medium",
              "pass": true,
              "fail": false,
              "pending": false,
              "context": null,
              "code": "var userDetails = [];\nlet numb = 0;\ncy.get('#thumbnail-1 td').each(($el, index, $list) => {\n  userDetails[index] = $el.text();\n}).then(() => {\n  var i;\n  for (i = 0; i < userDetails.length; i++) {\n    if (Number(userDetails[i])) {\n      numb += Number(userDetails[i]);\n    } //cy.log(userDetails[i])\n  }\n  cy.log(\"Found total age: \" + numb);\n  expect(numb).to.eq(322);\n});",
              "err": {},
              "uuid": "aa717c16-ddca-4716-85bc-4cfefcf48766",
              "parentUUID": "6b22c2d9-e1e7-4d53-9a9e-1f2006151c38",
              "isHook": false,
              "skipped": false
            },
            {
              "title": "Calculate and assert the age of a given user based on last name",
              "fullTitle": "Handling data via webdriveruni Calculate and assert the age of a given user based on last name",
              "timedOut": null,
              "duration": 655,
              "state": "passed",
              "speed": "fast",
              "pass": true,
              "fail": false,
              "pending": false,
              "context": null,
              "code": "cy.get('#thumbnail-1 tr td:nth-child(2)').each(($el, index, $list) => {\n  const text = $el.text();\n  if (text.includes(\"Woods\")) {\n    cy.get('#thumbnail-1 tr td:nth-child(2)').eq(index).next().then(function (age) {\n      const userAge = age.text();\n      expect(userAge).to.equal(\"80\");\n    });\n  }\n});",
              "err": {},
              "uuid": "f4420315-97f5-437e-af3f-aa5d91c53788",
              "parentUUID": "6b22c2d9-e1e7-4d53-9a9e-1f2006151c38",
              "isHook": false,
              "skipped": false
            }
          ],
          "suites": [],
          "passes": [
            "aa717c16-ddca-4716-85bc-4cfefcf48766",
            "f4420315-97f5-437e-af3f-aa5d91c53788"
          ],
          "failures": [],
          "pending": [],
          "skipped": [],
          "duration": 8836,
          "root": false,
          "rootEmpty": false,
          "_timeout": 2000
        }
      ],
      "passes": [],
      "failures": [],
      "pending": [],
      "skipped": [],
      "duration": 0,
      "root": true,
      "rootEmpty": true,
      "_timeout": 2000
    },
    {
      "uuid": "9738e53d-5d3c-4c73-9502-c66c041de1ca",
      "title": "",
      "fullFile": "cypress/integration/webdriver-uni/datepicker.js",
      "file": "cypress/integration/webdriver-uni/datepicker.js",
      "beforeHooks": [],
      "afterHooks": [],
      "tests": [],
      "suites": [
        {
          "uuid": "1a450023-b190-4a93-84a4-162f5d53e605",
          "title": "Test Datepicker via webdriveruni",
          "fullFile": "",
          "file": "",
          "beforeHooks": [],
          "afterHooks": [],
          "tests": [
            {
              "title": "Select date from the datepicker",
              "fullTitle": "Test Datepicker via webdriveruni Select date from the datepicker",
              "timedOut": null,
              "duration": 5486,
              "state": "passed",
              "speed": "medium",
              "pass": true,
              "fail": false,
              "pending": false,
              "context": null,
              "code": "cy.visit(\"http://www.webdriveruniversity.com\");\ncy.get('#datepicker').invoke('removeAttr', 'target').click({\n  force: true\n});\ncy.get('#datepicker').click(); // let date = new Date();\n// date.setDate(date.getDate())\n// cy.log(date.getDate()) //get current day i.e. 22\n// let date2 = new Date();\n// date2.setDate(date.getDate() + 5)\n// cy.log(date2.getDate()) //get current day i.e. 22 + 5 = 27\nvar date = new Date();\ndate.setDate(date.getDate() + 400);\nvar futureYear = date.getFullYear();\nvar futureMonth = date.toLocaleString(\"default\", {\n  month: \"long\"\n});\nvar futureDay = date.getDate();\ncy.log(\"Future year to select: \" + futureYear);\ncy.log(\"Future month to select: \" + futureMonth);\ncy.log(\"Future day to select: \" + futureDay);\nfunction selectMonthAndYear() {\n  cy.get('.datepicker-dropdown').find('.datepicker-switch').first().then(currentDate => {\n    if (!currentDate.text().includes(futureYear)) {\n      cy.get('.next').first().click();\n      selectMonthAndYear();\n    }\n  }).then(() => {\n    cy.get('.datepicker-dropdown').find('.datepicker-switch').first().then(currentDate => {\n      if (!currentDate.text().includes(futureMonth)) {\n        cy.get('.next').first().click();\n        selectMonthAndYear();\n      }\n    });\n  });\n}\nfunction selectFutureDay() {\n  cy.get('[class=\"day\"]').contains(futureDay).click();\n}\nselectMonthAndYear();\nselectFutureDay();",
              "err": {},
              "uuid": "fbc9c94e-8c84-4cc5-8007-b1fd1e4261c1",
              "parentUUID": "1a450023-b190-4a93-84a4-162f5d53e605",
              "isHook": false,
              "skipped": false
            }
          ],
          "suites": [],
          "passes": [
            "fbc9c94e-8c84-4cc5-8007-b1fd1e4261c1"
          ],
          "failures": [],
          "pending": [],
          "skipped": [],
          "duration": 5486,
          "root": false,
          "rootEmpty": false,
          "_timeout": 2000
        }
      ],
      "passes": [],
      "failures": [],
      "pending": [],
      "skipped": [],
      "duration": 0,
      "root": true,
      "rootEmpty": true,
      "_timeout": 2000
    },
    {
      "uuid": "02017967-ff13-4c9f-9595-0ecfe5dae2da",
      "title": "",
      "fullFile": "cypress/integration/webdriver-uni/file-upload.js",
      "file": "cypress/integration/webdriver-uni/file-upload.js",
      "beforeHooks": [],
      "afterHooks": [],
      "tests": [],
      "suites": [
        {
          "uuid": "d50f39fa-7fa8-44a8-ba93-84e3c2eb6648",
          "title": "Test File Upload via webdriveruni",
          "fullFile": "",
          "file": "",
          "beforeHooks": [],
          "afterHooks": [],
          "tests": [
            {
              "title": "Upload a file....",
              "fullTitle": "Test File Upload via webdriveruni Upload a file....",
              "timedOut": null,
              "duration": 2811,
              "state": "passed",
              "speed": "fast",
              "pass": true,
              "fail": false,
              "pending": false,
              "context": null,
              "code": "cy.visit(\"http://www.webdriveruniversity.com\");\ncy.get('#file-upload').invoke('removeAttr', 'target').click({\n  force: true\n});\ncy.fixture(\"laptop.png\", \"base64\").then(fileContent => {\n  cy.get(\"#myFile\").attachFile({\n    fileContent,\n    fileName: \"laptop.png\",\n    mimeType: \"image/png\"\n  }, {\n    uploadType: \"input\"\n  });\n});\ncy.get(\"#submit-button\").click();",
              "err": {},
              "uuid": "8ac9e6d1-f82f-4f1b-94de-fb9e408c628b",
              "parentUUID": "d50f39fa-7fa8-44a8-ba93-84e3c2eb6648",
              "isHook": false,
              "skipped": false
            },
            {
              "title": "Upload no file....",
              "fullTitle": "Test File Upload via webdriveruni Upload no file....",
              "timedOut": null,
              "duration": 1073,
              "state": "passed",
              "speed": "fast",
              "pass": true,
              "fail": false,
              "pending": false,
              "context": null,
              "code": "cy.visit(\"http://www.webdriveruniversity.com\");\ncy.get('#file-upload').invoke('removeAttr', 'target').click({\n  force: true\n});\ncy.get(\"#submit-button\").click();",
              "err": {},
              "uuid": "a0033ae0-97ba-475a-a6ce-bf518b0d6191",
              "parentUUID": "d50f39fa-7fa8-44a8-ba93-84e3c2eb6648",
              "isHook": false,
              "skipped": false
            }
          ],
          "suites": [],
          "passes": [
            "8ac9e6d1-f82f-4f1b-94de-fb9e408c628b",
            "a0033ae0-97ba-475a-a6ce-bf518b0d6191"
          ],
          "failures": [],
          "pending": [],
          "skipped": [],
          "duration": 3884,
          "root": false,
          "rootEmpty": false,
          "_timeout": 2000
        }
      ],
      "passes": [],
      "failures": [],
      "pending": [],
      "skipped": [],
      "duration": 0,
      "root": true,
      "rootEmpty": true,
      "_timeout": 2000
    },
    {
      "uuid": "968da9c0-9a9e-48eb-831b-b2d86f3154d1",
      "title": "",
      "fullFile": "cypress/integration/webdriver-uni/iframe.js",
      "file": "cypress/integration/webdriver-uni/iframe.js",
      "beforeHooks": [],
      "afterHooks": [],
      "tests": [],
      "suites": [
        {
          "uuid": "6ebc0f48-d18c-49f4-92b0-f7dc858e6ea8",
          "title": "Handling IFrame & Modals",
          "fullFile": "",
          "file": "",
          "beforeHooks": [],
          "afterHooks": [],
          "tests": [
            {
              "title": "Handle webdriveruni iframe and modal",
              "fullTitle": "Handling IFrame & Modals Handle webdriveruni iframe and modal",
              "timedOut": null,
              "duration": 3694,
              "state": "passed",
              "speed": "fast",
              "pass": true,
              "fail": false,
              "pending": false,
              "context": null,
              "code": "cy.visit(\"http://www.webdriveruniversity.com\");\ncy.get('#iframe').invoke('removeAttr', 'target').click({\n  force: true\n});\ncy.get('#frame').then($iframe => {\n  const body = $iframe.contents().find('body');\n  cy.wrap(body).as('iframe');\n});\ncy.get('@iframe').find('#button-find-out-more').click();\ncy.get('@iframe').find('#myModal').as('modal');\ncy.get('@modal').should($expectedText => {\n  const text = $expectedText.text();\n  expect(text).to.include('Welcome to webdriveruniversity.com we sell a wide range of electrical goods');\n});\ncy.get('@modal').contains('Close').click();",
              "err": {},
              "uuid": "ff6b7b4d-651a-40f0-8573-42bb3890ed6c",
              "parentUUID": "6ebc0f48-d18c-49f4-92b0-f7dc858e6ea8",
              "isHook": false,
              "skipped": false
            }
          ],
          "suites": [],
          "passes": [
            "ff6b7b4d-651a-40f0-8573-42bb3890ed6c"
          ],
          "failures": [],
          "pending": [],
          "skipped": [],
          "duration": 3694,
          "root": false,
          "rootEmpty": false,
          "_timeout": 2000
        }
      ],
      "passes": [],
      "failures": [],
      "pending": [],
      "skipped": [],
      "duration": 0,
      "root": true,
      "rootEmpty": true,
      "_timeout": 2000
    },
    {
      "uuid": "6c67bd7f-c39d-4cfa-90df-0d5d8c125271",
      "title": "",
      "fullFile": "cypress/integration/webdriver-uni/js-alerts.js",
      "file": "cypress/integration/webdriver-uni/js-alerts.js",
      "beforeHooks": [],
      "afterHooks": [],
      "tests": [],
      "suites": [
        {
          "uuid": "8c051dc9-8108-456d-81e1-507f11aaaf5e",
          "title": "Handle js alerts",
          "fullFile": "",
          "file": "",
          "beforeHooks": [],
          "afterHooks": [],
          "tests": [
            {
              "title": "Confirm js alert contains the correct text",
              "fullTitle": "Handle js alerts Confirm js alert contains the correct text",
              "timedOut": null,
              "duration": 3627,
              "state": "passed",
              "speed": "fast",
              "pass": true,
              "fail": false,
              "pending": false,
              "context": null,
              "code": "//cy.visit(\"http://www.webdriveruniversity.com/Contact-Us/contactus.html\");\ncy.visit(\"http://www.webdriveruniversity.com\");\ncy.get('#popup-alerts').invoke('removeAttr', 'target').click({\n  force: true\n});\ncy.get('#button1').click();\ncy.on('window:alert', str => {\n  expect(str).to.equal('I am an alert box!');\n});",
              "err": {},
              "uuid": "8bfa0ee6-a38d-4402-b0ce-789ca8831413",
              "parentUUID": "8c051dc9-8108-456d-81e1-507f11aaaf5e",
              "isHook": false,
              "skipped": false
            },
            {
              "title": "Validate js confirm alert box works correctly when clicking ok",
              "fullTitle": "Handle js alerts Validate js confirm alert box works correctly when clicking ok",
              "timedOut": null,
              "duration": 933,
              "state": "passed",
              "speed": "fast",
              "pass": true,
              "fail": false,
              "pending": false,
              "context": null,
              "code": "//cy.visit(\"http://www.webdriveruniversity.com/Contact-Us/contactus.html\");\ncy.visit(\"http://www.webdriveruniversity.com\");\ncy.get('#popup-alerts').invoke('removeAttr', 'target').click({\n  force: true\n});\ncy.get('#button4').click();\ncy.on('window:confirm', str => {\n  return true;\n});\ncy.get('#confirm-alert-text').contains('You pressed OK!');",
              "err": {},
              "uuid": "d393392f-f001-449d-be60-0459c26b0192",
              "parentUUID": "8c051dc9-8108-456d-81e1-507f11aaaf5e",
              "isHook": false,
              "skipped": false
            },
            {
              "title": "Validate js confirm alert box works correctly when clicking cancel",
              "fullTitle": "Handle js alerts Validate js confirm alert box works correctly when clicking cancel",
              "timedOut": null,
              "duration": 1013,
              "state": "passed",
              "speed": "fast",
              "pass": true,
              "fail": false,
              "pending": false,
              "context": null,
              "code": "//cy.visit(\"http://www.webdriveruniversity.com/Contact-Us/contactus.html\");\ncy.visit(\"http://www.webdriveruniversity.com\");\ncy.get('#popup-alerts').invoke('removeAttr', 'target').click({\n  force: true\n});\ncy.get('#button4').click();\ncy.on('window:confirm', str => {\n  return false;\n});\ncy.get('#confirm-alert-text').contains('You pressed Cancel!');",
              "err": {},
              "uuid": "91daf81c-0094-4fed-a953-15c5f6461220",
              "parentUUID": "8c051dc9-8108-456d-81e1-507f11aaaf5e",
              "isHook": false,
              "skipped": false
            },
            {
              "title": "Validate js confirm alert box using a stub",
              "fullTitle": "Handle js alerts Validate js confirm alert box using a stub",
              "timedOut": null,
              "duration": 924,
              "state": "passed",
              "speed": "fast",
              "pass": true,
              "fail": false,
              "pending": false,
              "context": null,
              "code": "//cy.visit(\"http://www.webdriveruniversity.com/Contact-Us/contactus.html\");\ncy.visit(\"http://www.webdriveruniversity.com\");\ncy.get('#popup-alerts').invoke('removeAttr', 'target').click({\n  force: true\n});\nconst stub = cy.stub();\ncy.on('window:confirm', stub);\ncy.get('#button4').click().then(() => {\n  expect(stub.getCall(0)).to.be.calledWith('Press a button!');\n}).then(() => {\n  return true;\n}).then(() => {\n  cy.get('#confirm-alert-text').contains('You pressed OK!');\n});",
              "err": {},
              "uuid": "8a2254d1-2af7-4285-9c75-4d86567ead2c",
              "parentUUID": "8c051dc9-8108-456d-81e1-507f11aaaf5e",
              "isHook": false,
              "skipped": false
            }
          ],
          "suites": [],
          "passes": [
            "8bfa0ee6-a38d-4402-b0ce-789ca8831413",
            "d393392f-f001-449d-be60-0459c26b0192",
            "91daf81c-0094-4fed-a953-15c5f6461220",
            "8a2254d1-2af7-4285-9c75-4d86567ead2c"
          ],
          "failures": [],
          "pending": [],
          "skipped": [],
          "duration": 6497,
          "root": false,
          "rootEmpty": false,
          "_timeout": 2000
        }
      ],
      "passes": [],
      "failures": [],
      "pending": [],
      "skipped": [],
      "duration": 0,
      "root": true,
      "rootEmpty": true,
      "_timeout": 2000
    },
    {
      "uuid": "81a7c708-8b6a-46fc-a8c0-c658b520c5b2",
      "title": "",
      "fullFile": "cypress/integration/webdriver-uni/mouse-actions.js",
      "file": "cypress/integration/webdriver-uni/mouse-actions.js",
      "beforeHooks": [],
      "afterHooks": [],
      "tests": [],
      "suites": [
        {
          "uuid": "0476be1d-416e-4afe-8100-a939beaf3770",
          "title": "Test mouse actions",
          "fullFile": "",
          "file": "",
          "beforeHooks": [],
          "afterHooks": [],
          "tests": [
            {
              "title": "Scroll element into view",
              "fullTitle": "Test mouse actions Scroll element into view",
              "timedOut": null,
              "duration": 2440,
              "state": "passed",
              "speed": "fast",
              "pass": true,
              "fail": false,
              "pending": false,
              "context": null,
              "code": "cy.visit(\"http://www.webdriveruniversity.com\");\ncy.get('#actions').scrollIntoView().invoke('removeAttr', 'target').click({\n  force: true\n});",
              "err": {},
              "uuid": "a8b312c9-fd81-441a-8b87-ee28fa2b036c",
              "parentUUID": "0476be1d-416e-4afe-8100-a939beaf3770",
              "isHook": false,
              "skipped": false
            },
            {
              "title": "I should be able to drag and drop a draggable item",
              "fullTitle": "Test mouse actions I should be able to drag and drop a draggable item",
              "timedOut": null,
              "duration": 1968,
              "state": "passed",
              "speed": "fast",
              "pass": true,
              "fail": false,
              "pending": false,
              "context": null,
              "code": "cy.visit(\"http://www.webdriveruniversity.com\");\ncy.get('#actions').scrollIntoView().invoke('removeAttr', 'target').click({\n  force: true\n});\ncy.get('#draggable').trigger('mousedown', {\n  which: 1\n});\ncy.get('#droppable').trigger('mousemove').trigger('mouseup', {\n  force: true\n});",
              "err": {},
              "uuid": "50a6b2c9-c248-48a7-8244-b5185ba6dbeb",
              "parentUUID": "0476be1d-416e-4afe-8100-a939beaf3770",
              "isHook": false,
              "skipped": false
            },
            {
              "title": "I should be able to perform a double mouse click",
              "fullTitle": "Test mouse actions I should be able to perform a double mouse click",
              "timedOut": null,
              "duration": 1046,
              "state": "passed",
              "speed": "fast",
              "pass": true,
              "fail": false,
              "pending": false,
              "context": null,
              "code": "cy.visit(\"http://www.webdriveruniversity.com\");\ncy.get('#actions').scrollIntoView().invoke('removeAttr', 'target').click({\n  force: true\n});\ncy.get('#double-click').dblclick();",
              "err": {},
              "uuid": "88fbac6f-a1f1-4f90-a9f5-8a346a79491d",
              "parentUUID": "0476be1d-416e-4afe-8100-a939beaf3770",
              "isHook": false,
              "skipped": false
            },
            {
              "title": "I should be able hold down the left mouse click button on a given element",
              "fullTitle": "Test mouse actions I should be able hold down the left mouse click button on a given element",
              "timedOut": null,
              "duration": 626,
              "state": "passed",
              "speed": "fast",
              "pass": true,
              "fail": false,
              "pending": false,
              "context": null,
              "code": "cy.visit(\"http://www.webdriveruniversity.com\");\ncy.get('#actions').scrollIntoView().invoke('removeAttr', 'target').click({\n  force: true\n});\ncy.get('#click-box').trigger('mousedown', {\n  which: 1\n}).then($element => {\n  expect($element).to.have.css('background-color', 'rgb(0, 255, 0)');\n});",
              "err": {},
              "uuid": "49e71ce3-14c6-49a9-a23a-597321a7b6db",
              "parentUUID": "0476be1d-416e-4afe-8100-a939beaf3770",
              "isHook": false,
              "skipped": false
            }
          ],
          "suites": [],
          "passes": [
            "a8b312c9-fd81-441a-8b87-ee28fa2b036c",
            "50a6b2c9-c248-48a7-8244-b5185ba6dbeb",
            "88fbac6f-a1f1-4f90-a9f5-8a346a79491d",
            "49e71ce3-14c6-49a9-a23a-597321a7b6db"
          ],
          "failures": [],
          "pending": [],
          "skipped": [],
          "duration": 6080,
          "root": false,
          "rootEmpty": false,
          "_timeout": 2000
        }
      ],
      "passes": [],
      "failures": [],
      "pending": [],
      "skipped": [],
      "duration": 0,
      "root": true,
      "rootEmpty": true,
      "_timeout": 2000
    },
    {
      "uuid": "32943204-0a63-48d9-b614-d6c167f27aab",
      "title": "",
      "fullFile": "cypress/integration/webdriver-uni/radio-buttons.js",
      "file": "cypress/integration/webdriver-uni/radio-buttons.js",
      "beforeHooks": [],
      "afterHooks": [],
      "tests": [],
      "suites": [
        {
          "uuid": "70390968-c7d4-4e48-81ef-e193802ee750",
          "title": "Verify radio buttons via webdriveruni",
          "fullFile": "",
          "file": "",
          "beforeHooks": [],
          "afterHooks": [],
          "tests": [
            {
              "title": "Check specific radio buttons",
              "fullTitle": "Verify radio buttons via webdriveruni Check specific radio buttons",
              "timedOut": null,
              "duration": 3762,
              "state": "passed",
              "speed": "fast",
              "pass": true,
              "fail": false,
              "pending": false,
              "context": null,
              "code": "cy.get('#radio-buttons').find(\"[type='radio']\").first().check();\ncy.get('#radio-buttons').find(\"[type='radio']\").eq(1).check();",
              "err": {},
              "uuid": "0cec3673-149a-4f19-827b-2c1d61516fe0",
              "parentUUID": "70390968-c7d4-4e48-81ef-e193802ee750",
              "isHook": false,
              "skipped": false
            },
            {
              "title": "Validate the states of specific radio buttons",
              "fullTitle": "Verify radio buttons via webdriveruni Validate the states of specific radio buttons",
              "timedOut": null,
              "duration": 122,
              "state": "passed",
              "speed": "fast",
              "pass": true,
              "fail": false,
              "pending": false,
              "context": null,
              "code": "cy.get(\"[value='lettuce']\").should('not.be.checked');\ncy.get(\"[value='pumpkin']\").should('be.checked');\ncy.get(\"[value='lettuce']\").check();\ncy.get(\"[value='lettuce']\").should('be.checked');\ncy.get(\"[value='pumpkin']\").should('not.be.checked');\ncy.get(\"[value='cabbage']\").should('be.disabled');",
              "err": {},
              "uuid": "cd62c751-6c73-4e92-99e1-7c12a0a12842",
              "parentUUID": "70390968-c7d4-4e48-81ef-e193802ee750",
              "isHook": false,
              "skipped": false
            }
          ],
          "suites": [],
          "passes": [
            "0cec3673-149a-4f19-827b-2c1d61516fe0",
            "cd62c751-6c73-4e92-99e1-7c12a0a12842"
          ],
          "failures": [],
          "pending": [],
          "skipped": [],
          "duration": 3884,
          "root": false,
          "rootEmpty": false,
          "_timeout": 2000
        }
      ],
      "passes": [],
      "failures": [],
      "pending": [],
      "skipped": [],
      "duration": 0,
      "root": true,
      "rootEmpty": true,
      "_timeout": 2000
    },
    {
      "uuid": "c21d422e-f60f-452a-a33f-d9e643ac3f97",
      "title": "",
      "fullFile": "cypress/integration/webdriver-uni/select-dropdown-list.js",
      "file": "cypress/integration/webdriver-uni/select-dropdown-list.js",
      "beforeHooks": [],
      "afterHooks": [],
      "tests": [],
      "suites": [
        {
          "uuid": "d8e34d9d-b030-4a17-b88e-1d1da9159ac8",
          "title": "Interact with dropdown lists via webdriveruni",
          "fullFile": "",
          "file": "",
          "beforeHooks": [],
          "afterHooks": [],
          "tests": [
            {
              "title": "Select specific values via select dropdown lists",
              "fullTitle": "Interact with dropdown lists via webdriveruni Select specific values via select dropdown lists",
              "timedOut": null,
              "duration": 3399,
              "state": "passed",
              "speed": "fast",
              "pass": true,
              "fail": false,
              "pending": false,
              "context": null,
              "code": "cy.visit(\"http://www.webdriveruniversity.com\");\ncy.get('#dropdown-checkboxes-radiobuttons').invoke('removeAttr', 'target').click({\n  force: true\n});\ncy.get('#dropdowm-menu-1').select('c#');\ncy.get('#dropdowm-menu-2').select('testng').should('have.value', 'testng');\ncy.get('#dropdowm-menu-3').select('JQuery').contains('JQuery');\ncy.get('#dropdowm-menu-2').select('maven').should('have.value', 'maven');\ncy.get('#dropdowm-menu-2').select('TestNG').contains('TestNG');",
              "err": {},
              "uuid": "f716d6b5-82b5-4aae-87ae-d5b71a9729f4",
              "parentUUID": "d8e34d9d-b030-4a17-b88e-1d1da9159ac8",
              "isHook": false,
              "skipped": false
            }
          ],
          "suites": [],
          "passes": [
            "f716d6b5-82b5-4aae-87ae-d5b71a9729f4"
          ],
          "failures": [],
          "pending": [],
          "skipped": [],
          "duration": 3399,
          "root": false,
          "rootEmpty": false,
          "_timeout": 2000
        }
      ],
      "passes": [],
      "failures": [],
      "pending": [],
      "skipped": [],
      "duration": 0,
      "root": true,
      "rootEmpty": true,
      "_timeout": 2000
    },
    {
      "uuid": "03cf3651-ed4d-4386-b276-784aa7cee6e4",
      "title": "",
      "fullFile": "cypress/integration/webdriver-uni/tracersing-elements.js",
      "file": "cypress/integration/webdriver-uni/tracersing-elements.js",
      "beforeHooks": [],
      "afterHooks": [],
      "tests": [],
      "suites": [
        {
          "uuid": "3bc808f3-3e66-4546-a335-c399b50db943",
          "title": "Traversing DOM elements in Cypress",
          "fullFile": "",
          "file": "",
          "beforeHooks": [],
          "afterHooks": [],
          "tests": [
            {
              "title": "children() to get the children of DOM elements",
              "fullTitle": "Traversing DOM elements in Cypress children() to get the children of DOM elements",
              "timedOut": null,
              "duration": 2949,
              "state": "passed",
              "speed": "fast",
              "pass": true,
              "fail": false,
              "pending": false,
              "context": null,
              "code": "cy.get('.traversal-breadcrumb').children('.active').should('contain', 'Contact Us');",
              "err": {},
              "uuid": "4289d0f2-eb13-40e2-8866-e167e737633f",
              "parentUUID": "3bc808f3-3e66-4546-a335-c399b50db943",
              "isHook": false,
              "skipped": false
            },
            {
              "title": "closest() to validate the closest ancestor DOM element",
              "fullTitle": "Traversing DOM elements in Cypress closest() to validate the closest ancestor DOM element",
              "timedOut": null,
              "duration": 643,
              "state": "passed",
              "speed": "fast",
              "pass": true,
              "fail": false,
              "pending": false,
              "context": null,
              "code": "cy.get('.traversal-badge').closest('ul').should('have.class', 'list-group');",
              "err": {},
              "uuid": "bb333d7f-ba86-4c0c-9b8e-6b25cc27e506",
              "parentUUID": "3bc808f3-3e66-4546-a335-c399b50db943",
              "isHook": false,
              "skipped": false
            },
            {
              "title": "eq() to retrieve a specific element based on index",
              "fullTitle": "Traversing DOM elements in Cypress eq() to retrieve a specific element based on index",
              "timedOut": null,
              "duration": 664,
              "state": "passed",
              "speed": "fast",
              "pass": true,
              "fail": false,
              "pending": false,
              "context": null,
              "code": "cy.get('.traversal-drinks-list > *').eq(2).should('contain', 'Milk');",
              "err": {},
              "uuid": "0a5068a4-7e00-4aaa-9736-af6ee295c89a",
              "parentUUID": "3bc808f3-3e66-4546-a335-c399b50db943",
              "isHook": false,
              "skipped": false
            },
            {
              "title": "filter() to retrieve DOM elements that match a specific selector",
              "fullTitle": "Traversing DOM elements in Cypress filter() to retrieve DOM elements that match a specific selector",
              "timedOut": null,
              "duration": 645,
              "state": "passed",
              "speed": "fast",
              "pass": true,
              "fail": false,
              "pending": false,
              "context": null,
              "code": "cy.get('.btn-group-toggle > *').filter('.active').should('contain', 'Button-1');",
              "err": {},
              "uuid": "78b8dd9a-bcf6-4c16-b9e2-3a718aedcae6",
              "parentUUID": "3bc808f3-3e66-4546-a335-c399b50db943",
              "isHook": false,
              "skipped": false
            },
            {
              "title": "find() to retrieve DOM elements of a given selector",
              "fullTitle": "Traversing DOM elements in Cypress find() to retrieve DOM elements of a given selector",
              "timedOut": null,
              "duration": 637,
              "state": "passed",
              "speed": "fast",
              "pass": true,
              "fail": false,
              "pending": false,
              "context": null,
              "code": "cy.get('.traversal-pagination').find('li').find('a').should('have.length', 7);",
              "err": {},
              "uuid": "490d4a05-1990-47a4-b440-5feac924ef4a",
              "parentUUID": "3bc808f3-3e66-4546-a335-c399b50db943",
              "isHook": false,
              "skipped": false
            },
            {
              "title": "first() to retrieve the first DOM element within elements ",
              "fullTitle": "Traversing DOM elements in Cypress first() to retrieve the first DOM element within elements ",
              "timedOut": null,
              "duration": 641,
              "state": "passed",
              "speed": "fast",
              "pass": true,
              "fail": false,
              "pending": false,
              "context": null,
              "code": "cy.get('.traversal-table > tbody > tr > td').first().should('contain', 'Andy');",
              "err": {},
              "uuid": "4659a3cb-5723-4038-9906-28ec316c0c1c",
              "parentUUID": "3bc808f3-3e66-4546-a335-c399b50db943",
              "isHook": false,
              "skipped": false
            },
            {
              "title": "last() to retrieve the last DOM element within elements",
              "fullTitle": "Traversing DOM elements in Cypress last() to retrieve the last DOM element within elements",
              "timedOut": null,
              "duration": 630,
              "state": "passed",
              "speed": "fast",
              "pass": true,
              "fail": false,
              "pending": false,
              "context": null,
              "code": "cy.get('.traversal-table > tbody > tr > td').last().should('contain', 'Scott');",
              "err": {},
              "uuid": "9f34178f-e419-427c-957a-e290c40ec079",
              "parentUUID": "3bc808f3-3e66-4546-a335-c399b50db943",
              "isHook": false,
              "skipped": false
            },
            {
              "title": "nextAll() to get all of the next sibling DOM elements within elements",
              "fullTitle": "Traversing DOM elements in Cypress nextAll() to get all of the next sibling DOM elements within elements",
              "timedOut": null,
              "duration": 616,
              "state": "passed",
              "speed": "fast",
              "pass": true,
              "fail": false,
              "pending": false,
              "context": null,
              "code": "cy.get('.traversal-drinks-list').contains('Tea').nextAll().should('have.length', '3');",
              "err": {},
              "uuid": "4751864d-d4cc-4188-a720-8a17937f1c46",
              "parentUUID": "3bc808f3-3e66-4546-a335-c399b50db943",
              "isHook": false,
              "skipped": false
            },
            {
              "title": "nextUntil() to get all of the next sibling DOM elements within elements until another element",
              "fullTitle": "Traversing DOM elements in Cypress nextUntil() to get all of the next sibling DOM elements within elements until another element",
              "timedOut": null,
              "duration": 635,
              "state": "passed",
              "speed": "fast",
              "pass": true,
              "fail": false,
              "pending": false,
              "context": null,
              "code": "cy.get('#coffee').nextUntil('#milk');",
              "err": {},
              "uuid": "f6be07fa-3725-4df5-8ca7-9ee49e8c1277",
              "parentUUID": "3bc808f3-3e66-4546-a335-c399b50db943",
              "isHook": false,
              "skipped": false
            },
            {
              "title": "not() to remove DOM element(s) from the set of elements",
              "fullTitle": "Traversing DOM elements in Cypress not() to remove DOM element(s) from the set of elements",
              "timedOut": null,
              "duration": 622,
              "state": "passed",
              "speed": "fast",
              "pass": true,
              "fail": false,
              "pending": false,
              "context": null,
              "code": "cy.get('.traversal-button-states > button').not('.disabled').should('not.have.class', 'disabled');",
              "err": {},
              "uuid": "ac959cbe-4848-4927-91aa-344825f73f0c",
              "parentUUID": "3bc808f3-3e66-4546-a335-c399b50db943",
              "isHook": false,
              "skipped": false
            },
            {
              "title": "parent() To get parent DOM element of elements",
              "fullTitle": "Traversing DOM elements in Cypress parent() To get parent DOM element of elements",
              "timedOut": null,
              "duration": 644,
              "state": "passed",
              "speed": "fast",
              "pass": true,
              "fail": false,
              "pending": false,
              "context": null,
              "code": "cy.get('.traversal-mark').parent().should('contain', 'Lorem ipsum dolor sit amet');",
              "err": {},
              "uuid": "4aa64526-b675-4bbe-8c3f-e345a3d07226",
              "parentUUID": "3bc808f3-3e66-4546-a335-c399b50db943",
              "isHook": false,
              "skipped": false
            },
            {
              "title": "parents() to get parents DOM element of elements",
              "fullTitle": "Traversing DOM elements in Cypress parents() to get parents DOM element of elements",
              "timedOut": null,
              "duration": 626,
              "state": "passed",
              "speed": "fast",
              "pass": true,
              "fail": false,
              "pending": false,
              "context": null,
              "code": "cy.get('.traversal-cite').parents().should('match', 'blockquote');",
              "err": {},
              "uuid": "906c90ee-a9c7-4b6f-846b-a97051bfc8c0",
              "parentUUID": "3bc808f3-3e66-4546-a335-c399b50db943",
              "isHook": false,
              "skipped": false
            },
            {
              "title": "prev() to get the previous sibling DOM element within elements",
              "fullTitle": "Traversing DOM elements in Cypress prev() to get the previous sibling DOM element within elements",
              "timedOut": null,
              "duration": 617,
              "state": "passed",
              "speed": "fast",
              "pass": true,
              "fail": false,
              "pending": false,
              "context": null,
              "code": "cy.get('#sugar').prev().contains('Espresso');",
              "err": {},
              "uuid": "e42eed28-c9ba-4809-a29c-ad8bfb5c563d",
              "parentUUID": "3bc808f3-3e66-4546-a335-c399b50db943",
              "isHook": false,
              "skipped": false
            },
            {
              "title": "prevAll() to get all previous sibling DOM elements within elements",
              "fullTitle": "Traversing DOM elements in Cypress prevAll() to get all previous sibling DOM elements within elements",
              "timedOut": null,
              "duration": 628,
              "state": "passed",
              "speed": "fast",
              "pass": true,
              "fail": false,
              "pending": false,
              "context": null,
              "code": "cy.get('.sales').prevAll().should('have.length', 2);",
              "err": {},
              "uuid": "85e00031-ace3-4fe3-9a42-994bbc6ae641",
              "parentUUID": "3bc808f3-3e66-4546-a335-c399b50db943",
              "isHook": false,
              "skipped": false
            },
            {
              "title": "prevUntil() to get all previous sibling DOM elements within elements until other element",
              "fullTitle": "Traversing DOM elements in Cypress prevUntil() to get all previous sibling DOM elements within elements until other element",
              "timedOut": null,
              "duration": 625,
              "state": "passed",
              "speed": "fast",
              "pass": true,
              "fail": false,
              "pending": false,
              "context": null,
              "code": "cy.get('#veggie').prevUntil('#fruits').should('have.length', 5);",
              "err": {},
              "uuid": "871ff213-a963-4d18-9f7b-68a235b5a84d",
              "parentUUID": "3bc808f3-3e66-4546-a335-c399b50db943",
              "isHook": false,
              "skipped": false
            },
            {
              "title": "siblings() To get all sibling DOM elements of elements",
              "fullTitle": "Traversing DOM elements in Cypress siblings() To get all sibling DOM elements of elements",
              "timedOut": null,
              "duration": 639,
              "state": "passed",
              "speed": "fast",
              "pass": true,
              "fail": false,
              "pending": false,
              "context": null,
              "code": "cy.get('.traversal-button-other-states .active').siblings().should('have.length', 3);",
              "err": {},
              "uuid": "a94abb15-f5be-4683-8b8e-26edbc012265",
              "parentUUID": "3bc808f3-3e66-4546-a335-c399b50db943",
              "isHook": false,
              "skipped": false
            }
          ],
          "suites": [],
          "passes": [
            "4289d0f2-eb13-40e2-8866-e167e737633f",
            "bb333d7f-ba86-4c0c-9b8e-6b25cc27e506",
            "0a5068a4-7e00-4aaa-9736-af6ee295c89a",
            "78b8dd9a-bcf6-4c16-b9e2-3a718aedcae6",
            "490d4a05-1990-47a4-b440-5feac924ef4a",
            "4659a3cb-5723-4038-9906-28ec316c0c1c",
            "9f34178f-e419-427c-957a-e290c40ec079",
            "4751864d-d4cc-4188-a720-8a17937f1c46",
            "f6be07fa-3725-4df5-8ca7-9ee49e8c1277",
            "ac959cbe-4848-4927-91aa-344825f73f0c",
            "4aa64526-b675-4bbe-8c3f-e345a3d07226",
            "906c90ee-a9c7-4b6f-846b-a97051bfc8c0",
            "e42eed28-c9ba-4809-a29c-ad8bfb5c563d",
            "85e00031-ace3-4fe3-9a42-994bbc6ae641",
            "871ff213-a963-4d18-9f7b-68a235b5a84d",
            "a94abb15-f5be-4683-8b8e-26edbc012265"
          ],
          "failures": [],
          "pending": [],
          "skipped": [],
          "duration": 12461,
          "root": false,
          "rootEmpty": false,
          "_timeout": 2000
        }
      ],
      "passes": [],
      "failures": [],
      "pending": [],
      "skipped": [],
      "duration": 0,
      "root": true,
      "rootEmpty": true,
      "_timeout": 2000
    }
  ],
  "meta": {
    "mocha": {
      "version": "7.0.1"
    },
    "mochawesome": {
      "options": {
        "quiet": false,
        "reportFilename": "mochawesome",
        "saveHtml": false,
        "saveJson": true,
        "consoleReporter": "spec",
        "useInlineDiffs": false,
        "code": true
      },
      "version": "7.1.2"
    },
    "marge": {
      "options": {
        "id": "default",
        "reportDir": "cypress/results/mochawesome",
        "quite": true,
        "overwrite": false,
        "html": false,
        "json": true
      },
      "version": "6.1.1"
    }
  }
}